2026-04-15 22:23:06,344 [INFO] schedule decision: forced run
2026-04-15 22:23:06,355 [INFO] scan completed: [A-share Alert] 2026-04-15 收盘信号 4 条
2026-04-15 22:40:45,790 [INFO] schedule decision: forced run
2026-04-15 22:40:45,803 [INFO] scan completed: [A-share Alert] 2026-04-15 收盘信号 4 条
2026-04-15 22:40:58,397 [INFO] schedule decision: forced run
2026-04-15 22:40:59,226 [INFO] scan completed: [A-share Alert] 2026-04-15 收盘信号 4 条
2026-04-15 22:58:00,561 [INFO] schedule decision: forced run
2026-04-15 23:00:55,176 [INFO] schedule decision: forced run
2026-04-15 23:01:37,681 [INFO] schedule decision: forced run
2026-04-15 23:01:46,060 [INFO] scan completed: [A-share Alert] 2026-04-15 收盘信号 0 条
2026-04-15 23:33:03,947 [INFO] schedule decision: forced run
2026-04-15 23:33:03,991 [INFO] scan completed: [A-share Alert] 2026-04-15 Open 4 / T 0
2026-04-17 14:50:04,507 [INFO] schedule decision: schedule conditions satisfied
2026-04-17 15:11:32,612 [INFO] schedule decision: schedule conditions satisfied
2026-04-17 15:11:43,709 [INFO] scan completed: [A-share Alert] 2026-04-16 Open 2 / T 0
2026-04-17 15:16:09,777 [INFO] schedule decision: schedule conditions satisfied
2026-04-17 15:16:29,417 [INFO] scan completed: [A-share Alert] 2026-04-17 Open 3 / T 0
2026-04-17 15:29:35,577 [INFO] schedule decision: schedule conditions satisfied
2026-04-17 15:30:13,572 [INFO] scan completed: [A-share Alert] 2026-04-17 开仓 3 / 做T 0
2026-04-17 15:44:32,437 [INFO] schedule decision: schedule conditions satisfied
2026-04-17 15:45:05,556 [INFO] scan completed: [A-share Alert] 2026-04-16 开仓 3 / 做T 0
2026-04-20 14:50:09,364 [INFO] schedule decision: schedule conditions satisfied
2026-04-20 14:51:10,723 [INFO] scan completed: [A-share Alert] 2026-04-20 开仓 2 / 做T 0
2026-04-21 14:50:04,778 [INFO] schedule decision: schedule conditions satisfied
2026-04-21 14:51:00,328 [INFO] scan completed: [A-share Alert] 2026-04-21 开仓 2 / 做T 0
2026-04-22 14:50:05,124 [INFO] schedule decision: schedule conditions satisfied
2026-04-22 14:51:11,272 [INFO] scan completed: [A-share Alert] 2026-04-22 开仓 2 / 做T 0
2026-04-23 14:50:04,928 [INFO] schedule decision: schedule conditions satisfied
2026-04-23 14:51:10,791 [INFO] scan completed: [A-share Alert] 2026-04-23 开仓 3 / 做T 0
2026-04-24 14:50:05,748 [INFO] schedule decision: schedule conditions satisfied
2026-04-24 14:50:52,902 [INFO] scan completed: [A-share Alert] 2026-04-24 开仓 2 / 做T 0
2026-04-26 14:50:05,009 [INFO] schedule decision: 2026-04-26 is not a trading day
2026-04-27 14:50:04,323 [INFO] schedule decision: schedule conditions satisfied
2026-04-27 14:51:00,556 [INFO] scan completed: [A-share Alert] 2026-04-27 开仓 2 / 做T 3
2026-04-28 14:50:04,896 [INFO] schedule decision: schedule conditions satisfied
2026-04-28 14:51:20,892 [INFO] scan completed: [A-share Alert] 2026-04-28 开仓 3 / 做T 2
